../d2qtm_bv_solver ifd.txt medium_data.txt circle_2.msh periodicity_data.txt ex4.dat 1.5707963 0 0

-- incidnt field data --
filename                 : ifd.txt
planewave amplitude E0   :      1+      0I
wavelength in vacuum     :               1
refractive index         :               1
incident angle      [rad]:             1.2
-- medium data --
medium data file name                  : medium_data.txt
medium (domain) id  1 refractive index :     1.6 +        0I
medium (domain) id  2 refractive index :    0.05 +        4I
-- mesh data --
mesh data file name        : circle_2.msh
numnber of nodes           :      480
number of defined elements :      480
-- periodicity data --
periodicity data file  : periodicity_data.txt
periodicity setting    : 1 ( quasi-periodic boundary condition )
lattice constant       :      1.5

-- rotation and translation settings --
rotation angle                    [rad]: 1.570796
x-component of translation vector      :        0
y-component of translation vector      :        0

solve electromagnetic field boundary value 
  coefficient matrix           finished
  solve boundary value Hz      finished
  boundary value Ex Ey         finished
  boundary value of domain 0   finished
  boundary value of domain 1   finished
  boundary value of domain 2   finished
elapsed time : 37 (sec)
