./d2qtm_bv_solver ifd.txt medium_data.txt circle_1.msh periodicity_data.txt ex.dat

-- incidnt field data --
filename                 : ifd.txt
planewave amplitude E0   :      1+      0I
wavelength in vacuum     :               1
refractive index         :               1
incident angle      [rad]:       1.5707963
-- medium data --
medium data file name                  : medium_data.txt
medium (domain) id  1 refractive index :     1.6 +        0I
-- mesh data --
mesh data file name        : circle_1.msh
numnber of nodes           :      320
number of defined elements :      320
-- periodicity data --
periodicity data file  : periodicity_data.txt
periodicity setting    : 1 ( quasi-periodic boundary condition )
lattice constant       :      1.5

solve electromagnetic field boundary value 
  coefficient matrix           finished
  solve boundary value Hz      finished
  boundary value Ex Ey         finished
  boundary value of domain 0   finished
  boundary value of domain 1   finished
elapsed time : 18 (sec)
