./example1.out ex.dat 

-- incidnt field data --
filename                 : ifd.txt
planewave amplitude E0   :      1+      0I
wavelength in vacuum     :               1
refractive index         :               1
incident angle      [rad]:       1.5707963
-- medium data --
medium data file name                  : medium_data.txt
medium (domain) id  1 refractive index :     1.6 +        0I
-- mesh data --
mesh data file name        : circle_1.msh
numnber of nodes           :      320
number of defined elements :      320
-- periodicity data --
periodicity data file  : periodicity_data.txt
periodicity setting    : 1 ( quasi-periodic boundary condition )
lattice constant       :      1.5

Total electromagnetic field at r=(  0.3, 0 )
type=0 setting ( 3 point Gauss-Legendre )
Ex = -3.22200869127228e-01 -5.46141789008395e-01 I 
Ey = -1.75746974873484e-01 -3.51641991612965e-01 I 
Hz =  1.25844216377808e+00 +2.52001453591313e+00 I 
type=1 setting ( 7 point Gauss-Kronrod )
Ex = -3.22200869120693e-01 -5.46141789006185e-01 I 
Ey = -1.75746974870966e-01 -3.51641991616060e-01 I 
Hz =  1.25844216377044e+00 +2.52001453591480e+00 I 

Radiation force and torque
type=0 ( 3 point Gauss-Legendre ) 
(Fx,Fy) = (-4.83842377951155e-08, 1.98621795381858e-01)
   Nz   =   4.79384761054025e-13, center of rotation ( 0, 0)
type=1 ( 7 point Gauss-Kronrod ) 
(Fx,Fy) = (-4.83842453515709e-08, 1.98621764484833e-01)
   Nz   =   4.73824538632650e-13, center of rotation ( 0, 0)
