../d2qtm_bv_solver ifd.txt medium_data.txt veri_model.msh periodicity_data.txt veri.dat

-- incidnt field data --
filename                 : ifd.txt
planewave amplitude E0   :      1+      0I
wavelength in vacuum     :               1
refractive index         :               1
incident angle      [rad]:       1.5707963
-- medium data --
medium data file name                  : medium_data.txt
medium (domain) id  1 refractive index :     1.6 +        0I
-- mesh data --
mesh data file name        : veri_model.msh
numnber of nodes           :     5440
number of defined elements :     5440
-- periodicity data --
periodicity data file  : periodicity_data.txt
periodicity setting    : 0 ( no periodicity )

solve electromagnetic field boundary value 
  coefficient matrix           finished
  solve boundary value Hz      finished
  boundary value Ex Ey         finished
  boundary value of domain 0   finished
  boundary value of domain 1   finished
elapsed time : 250 (sec)
